<?xml version="1.0" encoding="UTF-8"?>
<!-- Generated by org.testng.reporters.JUnitReportReporter -->
<testsuite name="com.hrm.scripts.CreateEmployee" tests="1" time="25.909" ignored="3" failures="0" timestamp="14 Feb 2017 06:56:12 GMT" skipped="0" hostname="LAPTOP-95VID93J" errors="0">
  <testcase name="testcreateemployee" time="25.909" classname="com.hrm.scripts.CreateEmployee"/>
  <testcase name="initReport" classname="com.hrm.base.BaseTest">
    <skipped/>
  </testcase> <!-- initReport -->
  <testcase name="publishReport" classname="com.hrm.base.BaseTest">
    <skipped/>
  </testcase> <!-- publishReport -->
  <testcase name="initGlobalVar" classname="com.hrm.base.BaseTest">
    <skipped/>
  </testcase> <!-- initGlobalVar -->
</testsuite> <!-- com.hrm.scripts.CreateEmployee -->
